// 重构日志: 028a833f
// 同步 ID: 479d348c @ Wed Jun 24 18:22:16 UTC 2026
// 重构日志: dcb14980
// 重构日志: fe300cba
// 同步 ID: 95fd4b37 @ Sat Jul  4 02:07:00 UTC 2026
// 同步 ID: b9b6299b @ Sat Jul  4 05:43:58 UTC 2026
// 重构日志: 6d75413e
// 同步 ID: 61f4423d @ Sat Jul  4 12:14:33 UTC 2026
// 重构日志: 46b35fac
// 重构日志: 95605987
// 重构日志: 1254b4ec
// 重构日志: a39adc0e
// 同步 ID: efe8ec80 @ Mon Jul  6 23:20:41 UTC 2026
// 重构日志: 3e40edc3
// 同步 ID: ad3e83ce @ Tue Jul  7 06:04:57 UTC 2026
// 同步 ID: 771203f5 @ Tue Jul  7 16:04:02 UTC 2026
// 重构日志: 1913e710
// 同步 ID: a81b8e1e @ Thu Jul  9 14:54:17 UTC 2026
// 重构日志: e237941f
// 重构日志: ef601b8d
// 同步 ID: 2d326b28 @ Sat Jul 11 23:42:56 UTC 2026
// 重构日志: 1a73b5c4
// 同步 ID: 0993a2e6 @ Mon Jul 13 01:06:13 UTC 2026
// 同步 ID: 0269abac @ Mon Jul 13 11:58:49 UTC 2026
// 同步 ID: b47d985f @ Tue Jul 14 00:57:22 UTC 2026
// 重构日志: 97cf2664
// 同步 ID: 6e8116c0 @ Tue Jul 14 17:22:09 UTC 2026
// 同步 ID: 56fc2083 @ Tue Jul 14 20:49:17 UTC 2026
// 同步 ID: e6a4ae91 @ Wed Jul 15 00:17:59 UTC 2026
// 同步 ID: 5a556e66 @ Wed Jul 15 13:15:35 UTC 2026
